<?xml version="1.0" encoding="UTF-8"?>
<!-- Generated by org.testng.reporters.JUnitReportReporter -->
<testsuite hostname="Jijos-Air.lan" failures="0" tests="6" name="com.TrainerManagementSystem.scripts.TestClassTrainerLogin" time="50.212" errors="0" timestamp="2022-03-20T12:08:34 GST" skipped="0">
  <testcase classname="com.TrainerManagementSystem.scripts.TestClassTrainerLogin" name="LoginWithNoDataTCB2G70063" time="2.883"/>
  <system-out/>
  <testcase classname="com.TrainerManagementSystem.scripts.TestClassTrainerLogin" name="DisplayFooterTCB2G70067" time="1.363"/>
  <system-out/>
  <testcase classname="com.TrainerManagementSystem.scripts.TestClassTrainerLogin" name="NavigateToSignupPageTCB2G70066" time="2.170"/>
  <system-out/>
  <testcase classname="com.TrainerManagementSystem.scripts.TestClassTrainerLogin" name="NavigateToHomePageTCB2G70065" time="35.773"/>
  <system-out/>
  <testcase classname="com.TrainerManagementSystem.scripts.TestClassTrainerLogin" name="InvalidLoginCredentialsTCB2G70060" time="5.875"/>
  <system-out/>
  <testcase classname="com.TrainerManagementSystem.scripts.TestClassTrainerLogin" name="LoginWithValidCredentialsTCB2G70062" time="2.148"/>
  <system-out/>
</testsuite> <!-- com.TrainerManagementSystem.scripts.TestClassTrainerLogin -->
