<?xml version="1.0" encoding="UTF-8"?>
<!-- Generated by org.testng.reporters.JUnitReportReporter -->
<testsuite hostname="Jijos-Air.lan" failures="0" tests="8" name="com.TrainerManagementSystem.scripts.TestClassAllocateTrainer" time="15.888" errors="0" timestamp="2022-03-20T12:08:34 GST" skipped="0">
  <testcase classname="com.TrainerManagementSystem.scripts.TestClassAllocateTrainer" name="VerifyAllocateButtonTCB2G70043" time="5.701"/>
  <system-out/>
  <testcase classname="com.TrainerManagementSystem.scripts.TestClassAllocateTrainer" name="VerifyAllocateTrainerPageTCB2G70044" time="0.148"/>
  <system-out/>
  <testcase classname="com.TrainerManagementSystem.scripts.TestClassAllocateTrainer" name="VerifyAllocateTrainerPageCourseTCB2G70045" time="0.860"/>
  <system-out/>
  <testcase classname="com.TrainerManagementSystem.scripts.TestClassAllocateTrainer" name="VerifyAllocateTrainerPageBatchIDTCB2G70046" time="0.554"/>
  <system-out/>
  <testcase classname="com.TrainerManagementSystem.scripts.TestClassAllocateTrainer" name="VerifyAllocateTrainerPageTimeTCB2G70047A" time="0.177"/>
  <system-out/>
  <testcase classname="com.TrainerManagementSystem.scripts.TestClassAllocateTrainer" name="VerifyAllocateTrainerPageTime2TCB2G70047B" time="0.296"/>
  <system-out/>
  <testcase classname="com.TrainerManagementSystem.scripts.TestClassAllocateTrainer" name="VerifyAllocateTrainerPageStartAndEndDateTCB2G70048" time="0.469"/>
  <system-out/>
  <testcase classname="com.TrainerManagementSystem.scripts.TestClassAllocateTrainer" name="VerifyAllocateTrainerPageMeetingLinkTCB2G70049" time="7.683"/>
  <system-out/>
</testsuite> <!-- com.TrainerManagementSystem.scripts.TestClassAllocateTrainer -->
