<?xml version="1.0" encoding="UTF-8"?>
<!-- Generated by org.testng.reporters.JUnitReportReporter -->
<testsuite hostname="Jijos-Air.lan" failures="0" tests="3" name="com.TrainerManagementSystem.scripts.TestClassHomePageLinks" time="1.582" errors="0" timestamp="2022-03-20T12:08:34 GST" skipped="0">
  <testcase classname="com.TrainerManagementSystem.scripts.TestClassHomePageLinks" name="CheckPageTitleTCB2G70001" time="0.016"/>
  <system-out/>
  <testcase classname="com.TrainerManagementSystem.scripts.TestClassHomePageLinks" name="NavigateToLoginPageTCB2G70003" time="0.423"/>
  <system-out/>
  <testcase classname="com.TrainerManagementSystem.scripts.TestClassHomePageLinks" name="NavigateToSignupPageTCB2G70004" time="1.143"/>
  <system-out/>
</testsuite> <!-- com.TrainerManagementSystem.scripts.TestClassHomePageLinks -->
