<?xml version="1.0" encoding="UTF-8"?>
<!-- Generated by org.testng.reporters.JUnitReportReporter -->
<testsuite hostname="Jijos-Air.lan" failures="0" tests="6" name="com.TrainerManagementSystem.scripts.TestClassViewAllocation" time="121.467" errors="0" timestamp="2022-03-20T12:08:34 GST" skipped="0">
  <testcase classname="com.TrainerManagementSystem.scripts.TestClassViewAllocation" name="VerifyAlbhaTCB2G70051" time="2.022"/>
  <system-out/>
  <testcase classname="com.TrainerManagementSystem.scripts.TestClassViewAllocation" name="VerifyNumTCB2G70052" time="44.456"/>
  <system-out/>
  <testcase classname="com.TrainerManagementSystem.scripts.TestClassViewAllocation" name="VerifyCharTCB2G70053" time="37.915"/>
  <system-out/>
  <testcase classname="com.TrainerManagementSystem.scripts.TestClassViewAllocation" name="VerifyDataTCB2G70054" time="35.632"/>
  <system-out/>
  <testcase classname="com.TrainerManagementSystem.scripts.TestClassViewAllocation" name="VerifyScrollingUsingMouseTCB2G70055" time="0.457"/>
  <system-out/>
  <testcase classname="com.TrainerManagementSystem.scripts.TestClassViewAllocation" name="VerifyScrollingUsingKeyboardTCB2G70056" time="0.985"/>
  <system-out/>
</testsuite> <!-- com.TrainerManagementSystem.scripts.TestClassViewAllocation -->
