<?xml version="1.0" encoding="UTF-8"?>
<!-- Generated by org.testng.reporters.JUnitReportReporter -->
<testsuite hostname="Jijos-Air.lan" failures="0" tests="2" name="com.TrainerManagementSystem.scripts.TestClassTrainerLogout" time="3.439" errors="0" timestamp="2022-03-20T12:08:34 GST" skipped="0">
  <testcase classname="com.TrainerManagementSystem.scripts.TestClassTrainerLogout" name="VerifyTrainerLogoutTCB2G70082" time="1.648"/>
  <system-out/>
  <testcase classname="com.TrainerManagementSystem.scripts.TestClassTrainerLogout" name="VerifyTrainerLoginAfterLoginTCB2G70085" time="1.791"/>
  <system-out/>
</testsuite> <!-- com.TrainerManagementSystem.scripts.TestClassTrainerLogout -->
