<?xml version="1.0" encoding="UTF-8"?>
<!-- Generated by org.testng.reporters.JUnitReportReporter -->
<testsuite hostname="Jijos-Air.lan" failures="0" tests="2" name="com.TrainerManagementSystem.scripts.TestClassAdminLogout" time="10.745" errors="0" timestamp="2022-03-20T12:14:26 GST" skipped="0">
  <testcase classname="com.TrainerManagementSystem.scripts.TestClassAdminLogout" name="ValidateLoginAndOutAfterLogoutTCB2G70058" time="6.141"/>
  <system-out/>
  <testcase classname="com.TrainerManagementSystem.scripts.TestClassAdminLogout" name="ValidateLogOutTCB2G70057" time="4.604"/>
  <system-out/>
</testsuite> <!-- com.TrainerManagementSystem.scripts.TestClassAdminLogout -->
